build/app/intermediates/manifest_merge_blame_file/release/manifest-merger-blame-release-report.txt
1<?xml version="1.0" encoding="utf-8"?>
2<manifest xmlns:android="http://schemas.android.com/apk/res/android"
3    package="com.pharmacy.reach_pill"
4    android:versionCode="4"
5    android:versionName="1.0.4" >
6
7    <uses-sdk
8        android:minSdkVersion="16"
8-->src\main\AndroidManifest.xml
9        android:targetSdkVersion="28" />
9-->src\main\AndroidManifest.xml
10
11    <!--
12         io.flutter.app.FlutterApplication is an android.app.Application that
13         calls FlutterMain.startInitialization(this); in its onCreate method.
14         In most cases you can leave this as-is, but you if you want to provide
15         additional functionality it is fine to subclass or reimplement
16         FlutterApplication and put your custom class here.
17    -->
18    <uses-permission android:name="android.permission.INTERNET" />
18-->src\main\AndroidManifest.xml:9:5-67
18-->src\main\AndroidManifest.xml:9:22-64
19    <uses-permission android:name="android.permission.CAMERA" />
19-->src\main\AndroidManifest.xml:10:5-65
19-->src\main\AndroidManifest.xml:10:22-62
20    <uses-permission android:name="android.permission.ACCESS_FINE_LOCATION" />
20-->src\main\AndroidManifest.xml:11:5-79
20-->src\main\AndroidManifest.xml:11:22-76
21    <uses-permission android:name="android.permission.ACCESS_COARSE_LOCATION" />
21-->src\main\AndroidManifest.xml:12:5-81
21-->src\main\AndroidManifest.xml:12:22-78
22    <uses-permission android:name="android.permission.RECEIVE_BOOT_COMPLETED" />
22-->src\main\AndroidManifest.xml:13:5-80
22-->src\main\AndroidManifest.xml:13:22-78
23    <uses-permission android:name="android.permission.WAKE_LOCK" />
23-->src\main\AndroidManifest.xml:14:5-67
23-->src\main\AndroidManifest.xml:14:22-65
24    <uses-permission android:name="android.permission.READ_EXTERNAL_STORAGE" />
24-->src\main\AndroidManifest.xml:15:5-80
24-->src\main\AndroidManifest.xml:15:22-77
25    <uses-permission android:name="android.permission.WRITE_EXTERNAL_STORAGE" />
25-->src\main\AndroidManifest.xml:16:5-81
25-->src\main\AndroidManifest.xml:16:22-78
26    <uses-permission android:name="android.permission.READ_CALENDAR" />
26-->src\main\AndroidManifest.xml:17:5-72
26-->src\main\AndroidManifest.xml:17:22-69
27    <uses-permission android:name="android.permission.WRITE_CALENDAR" />
27-->src\main\AndroidManifest.xml:18:5-73
27-->src\main\AndroidManifest.xml:18:22-70
28    <uses-permission android:name="android.permission.ACCESS_NETWORK_STATE" /> <!-- Required by older versions of Google Play services to create IID tokens -->
28-->[com.google.firebase:firebase-iid:20.0.0] AndroidManifest.xml:22:5-79
28-->[com.google.firebase:firebase-iid:20.0.0] AndroidManifest.xml:22:22-76
29    <uses-permission android:name="com.google.android.c2dm.permission.RECEIVE" />
29-->[com.google.firebase:firebase-iid:20.0.0] AndroidManifest.xml:26:5-82
29-->[com.google.firebase:firebase-iid:20.0.0] AndroidManifest.xml:26:22-79
30
31    <uses-feature
31-->[com.google.android.gms:play-services-maps:17.0.0] AndroidManifest.xml:26:5-28:35
32        android:glEsVersion="0x00020000"
32-->[com.google.android.gms:play-services-maps:17.0.0] AndroidManifest.xml:27:9-41
33        android:required="true" />
33-->[com.google.android.gms:play-services-maps:17.0.0] AndroidManifest.xml:28:9-32
34
35    <application
35-->src\main\AndroidManifest.xml:21:5-71:19
36        android:name="io.flutter.app.FlutterApplication"
36-->src\main\AndroidManifest.xml:22:9-57
37        android:appComponentFactory="androidx.core.app.CoreComponentFactory"
37-->[androidx.core:core:1.0.2] AndroidManifest.xml:22:18-86
38        android:icon="@mipmap/launcher_icon"
38-->src\main\AndroidManifest.xml:24:9-45
39        android:label="Reach Pill"
39-->src\main\AndroidManifest.xml:23:9-35
40        android:supportsRtl="true" >
40-->[com.facebook.android:facebook-login:5.5.1] AndroidManifest.xml:28:18-44
41
42        <!-- Add the following entry, with your API key -->
43        <meta-data
43-->src\main\AndroidManifest.xml:27:9-28:77
44            android:name="com.google.android.geo.API_KEY"
44-->src\main\AndroidManifest.xml:27:20-65
45            android:value="AIzaSyC_2Bl7U94OAHmQWVuYRhLjaWJdKJqH_-0" />
45-->src\main\AndroidManifest.xml:28:20-75
46        <meta-data
46-->src\main\AndroidManifest.xml:29:9-30:54
47            android:name="com.facebook.sdk.ApplicationId"
47-->src\main\AndroidManifest.xml:29:20-65
48            android:value="@string/facebook_app_id" />
48-->src\main\AndroidManifest.xml:30:13-52
49
50        <activity
50-->src\main\AndroidManifest.xml:32:9-35:48
51            android:name="com.facebook.FacebookActivity"
51-->src\main\AndroidManifest.xml:32:19-63
52            android:configChanges="keyboard|keyboardHidden|screenLayout|screenSize|orientation"
52-->src\main\AndroidManifest.xml:33:13-113
53            android:label="@string/app_name"
53-->src\main\AndroidManifest.xml:35:13-45
54            android:theme="@style/com_facebook_activity_theme" />
54-->[com.facebook.android:facebook-common:5.5.1] AndroidManifest.xml:32:13-63
55        <activity
55-->src\main\AndroidManifest.xml:37:9-46:20
56            android:name="com.facebook.CustomTabActivity"
56-->src\main\AndroidManifest.xml:38:13-58
57            android:exported="true" >
57-->src\main\AndroidManifest.xml:39:13-36
58            <intent-filter>
58-->src\main\AndroidManifest.xml:40:13-45:29
59                <action android:name="android.intent.action.VIEW" />
59-->src\main\AndroidManifest.xml:41:17-69
59-->src\main\AndroidManifest.xml:41:25-66
60
61                <category android:name="android.intent.category.DEFAULT" />
61-->src\main\AndroidManifest.xml:42:17-76
61-->src\main\AndroidManifest.xml:42:27-73
62                <category android:name="android.intent.category.BROWSABLE" />
62-->src\main\AndroidManifest.xml:43:17-78
62-->src\main\AndroidManifest.xml:43:27-75
63
64                <data android:scheme="@string/fb_login_protocol_scheme" />
64-->src\main\AndroidManifest.xml:44:17-75
64-->src\main\AndroidManifest.xml:44:23-72
65            </intent-filter>
66        </activity>
67        <activity
67-->src\main\AndroidManifest.xml:48:9-70:20
68            android:name="com.pharmacy.reach_pill.MainActivity"
68-->src\main\AndroidManifest.xml:49:13-64
69            android:configChanges="orientation|keyboardHidden|keyboard|screenSize|locale|layoutDirection|fontScale|screenLayout|density|uiMode"
69-->src\main\AndroidManifest.xml:52:13-144
70            android:hardwareAccelerated="true"
70-->src\main\AndroidManifest.xml:53:13-47
71            android:launchMode="singleTop"
71-->src\main\AndroidManifest.xml:50:13-43
72            android:theme="@style/LaunchTheme"
72-->src\main\AndroidManifest.xml:51:13-47
73            android:windowSoftInputMode="adjustResize" >
73-->src\main\AndroidManifest.xml:54:13-55
74
75            <!--
76                 This keeps the window background of the activity showing
77                 until Flutter renders its first frame. It can be removed if
78                 there is no splash screen (such as the default splash screen
79                 defined in @style/LaunchTheme).
80            -->
81            <meta-data
81-->src\main\AndroidManifest.xml:59:13-61:40
82                android:name="io.flutter.app.android.SplashScreenUntilFirstFrame"
82-->src\main\AndroidManifest.xml:60:17-82
83                android:value="true" />
83-->src\main\AndroidManifest.xml:61:17-37
84
85            <intent-filter>
85-->src\main\AndroidManifest.xml:62:13-65:29
86                <action android:name="android.intent.action.MAIN" />
86-->src\main\AndroidManifest.xml:63:17-68
86-->src\main\AndroidManifest.xml:63:25-66
87
88                <category android:name="android.intent.category.LAUNCHER" />
88-->src\main\AndroidManifest.xml:64:17-76
88-->src\main\AndroidManifest.xml:64:27-74
89            </intent-filter>
90            <intent-filter>
90-->src\main\AndroidManifest.xml:66:13-69:29
91                <action android:name="FLUTTER_NOTIFICATION_CLICK" />
91-->src\main\AndroidManifest.xml:67:17-69
91-->src\main\AndroidManifest.xml:67:25-66
92
93                <category android:name="android.intent.category.DEFAULT" />
93-->src\main\AndroidManifest.xml:42:17-76
93-->src\main\AndroidManifest.xml:42:27-73
94            </intent-filter>
95        </activity>
96
97        <service android:name="io.flutter.plugins.firebasemessaging.FlutterFirebaseMessagingService" >
97-->[:firebase_messaging] AndroidManifest.xml:8:9-12:19
97-->[:firebase_messaging] AndroidManifest.xml:8:18-101
98            <intent-filter>
98-->[:firebase_messaging] AndroidManifest.xml:9:13-11:29
99                <action android:name="com.google.firebase.MESSAGING_EVENT" />
99-->[:firebase_messaging] AndroidManifest.xml:10:17-78
99-->[:firebase_messaging] AndroidManifest.xml:10:25-75
100            </intent-filter>
101        </service>
102        <service
102-->[:firebase_messaging] AndroidManifest.xml:13:9-17:19
103            android:name="com.google.firebase.components.ComponentDiscoveryService"
103-->[:firebase_messaging] AndroidManifest.xml:13:18-89
104            android:exported="false" >
104-->[com.google.firebase:firebase-iid:20.0.0] AndroidManifest.xml:31:13-37
105            <meta-data
105-->[:firebase_messaging] AndroidManifest.xml:14:13-16:85
106                android:name="com.google.firebase.components:io.flutter.plugins.firebasemessaging.FlutterFirebaseAppRegistrar"
106-->[:firebase_messaging] AndroidManifest.xml:15:17-127
107                android:value="com.google.firebase.components.ComponentRegistrar" />
107-->[:firebase_messaging] AndroidManifest.xml:16:17-82
108            <meta-data
108-->[:firebase_core] AndroidManifest.xml:9:13-11:85
109                android:name="com.google.firebase.components:io.flutter.plugins.firebase.core.FlutterFirebaseAppRegistrar"
109-->[:firebase_core] AndroidManifest.xml:10:17-123
110                android:value="com.google.firebase.components.ComponentRegistrar" />
110-->[:firebase_core] AndroidManifest.xml:11:17-82
111            <meta-data
111-->[com.google.firebase:firebase-iid:20.0.0] AndroidManifest.xml:32:13-34:85
112                android:name="com.google.firebase.components:com.google.firebase.iid.Registrar"
112-->[com.google.firebase:firebase-iid:20.0.0] AndroidManifest.xml:33:17-96
113                android:value="com.google.firebase.components.ComponentRegistrar" />
113-->[com.google.firebase:firebase-iid:20.0.0] AndroidManifest.xml:34:17-82
114        </service>
115
116        <provider
116-->[:image_picker] AndroidManifest.xml:11:9-19:20
117            android:name="io.flutter.plugins.imagepicker.ImagePickerFileProvider"
117-->[:image_picker] AndroidManifest.xml:12:13-82
118            android:authorities="com.pharmacy.reach_pill.flutter.image_provider"
118-->[:image_picker] AndroidManifest.xml:13:13-74
119            android:exported="false"
119-->[:image_picker] AndroidManifest.xml:14:13-37
120            android:grantUriPermissions="true" >
120-->[:image_picker] AndroidManifest.xml:15:13-47
121            <meta-data
121-->[:image_picker] AndroidManifest.xml:16:13-18:75
122                android:name="android.support.FILE_PROVIDER_PATHS"
122-->[:image_picker] AndroidManifest.xml:17:17-67
123                android:resource="@xml/flutter_image_picker_file_paths" />
123-->[:image_picker] AndroidManifest.xml:18:17-72
124        </provider>
125        <!--
126             FirebaseMessagingService performs security checks at runtime,
127             but set to not exported to explicitly avoid allowing another app to call it.
128        -->
129        <service
129-->[com.google.firebase:firebase-messaging:20.0.0] AndroidManifest.xml:28:9-34:19
130            android:name="com.google.firebase.messaging.FirebaseMessagingService"
130-->[com.google.firebase:firebase-messaging:20.0.0] AndroidManifest.xml:29:13-82
131            android:exported="false" >
131-->[com.google.firebase:firebase-messaging:20.0.0] AndroidManifest.xml:30:13-37
132            <intent-filter android:priority="-500" >
132-->[:firebase_messaging] AndroidManifest.xml:9:13-11:29
133                <action android:name="com.google.firebase.MESSAGING_EVENT" />
133-->[:firebase_messaging] AndroidManifest.xml:10:17-78
133-->[:firebase_messaging] AndroidManifest.xml:10:25-75
134            </intent-filter>
135        </service>
136
137        <receiver
137-->[com.google.firebase:firebase-iid:20.0.0] AndroidManifest.xml:37:9-44:20
138            android:name="com.google.firebase.iid.FirebaseInstanceIdReceiver"
138-->[com.google.firebase:firebase-iid:20.0.0] AndroidManifest.xml:38:13-78
139            android:exported="true"
139-->[com.google.firebase:firebase-iid:20.0.0] AndroidManifest.xml:39:13-36
140            android:permission="com.google.android.c2dm.permission.SEND" >
140-->[com.google.firebase:firebase-iid:20.0.0] AndroidManifest.xml:40:13-73
141            <intent-filter>
141-->[com.google.firebase:firebase-iid:20.0.0] AndroidManifest.xml:41:13-43:29
142                <action android:name="com.google.android.c2dm.intent.RECEIVE" />
142-->[com.google.firebase:firebase-iid:20.0.0] AndroidManifest.xml:42:17-81
142-->[com.google.firebase:firebase-iid:20.0.0] AndroidManifest.xml:42:25-78
143            </intent-filter>
144        </receiver>
145
146        <provider
146-->[com.google.firebase:firebase-common:19.0.0] AndroidManifest.xml:12:9-16:39
147            android:name="com.google.firebase.provider.FirebaseInitProvider"
147-->[com.google.firebase:firebase-common:19.0.0] AndroidManifest.xml:13:13-77
148            android:authorities="com.pharmacy.reach_pill.firebaseinitprovider"
148-->[com.google.firebase:firebase-common:19.0.0] AndroidManifest.xml:14:13-72
149            android:exported="false"
149-->[com.google.firebase:firebase-common:19.0.0] AndroidManifest.xml:15:13-37
150            android:initOrder="100" />
150-->[com.google.firebase:firebase-common:19.0.0] AndroidManifest.xml:16:13-36
151
152        <activity android:name="com.facebook.CustomTabMainActivity" />
152-->[com.facebook.android:facebook-common:5.5.1] AndroidManifest.xml:33:9-71
152-->[com.facebook.android:facebook-common:5.5.1] AndroidManifest.xml:33:19-68
153        <!--
154         The initialization ContentProvider will call FacebookSdk.sdkInitialize automatically
155         with the application context. This config is merged in with the host app's manifest,
156         but there can only be one provider with the same authority activated at any given
157         point; so if the end user has two or more different apps that use Facebook SDK, only the
158         first one will be able to use the provider. To work around this problem, we use the
159         following placeholder in the authority to identify each host application as if it was
160         a completely different provider.
161        -->
162        <provider
162-->[com.facebook.android:facebook-core:5.5.1] AndroidManifest.xml:39:9-42:40
163            android:name="com.facebook.internal.FacebookInitProvider"
163-->[com.facebook.android:facebook-core:5.5.1] AndroidManifest.xml:40:13-70
164            android:authorities="com.pharmacy.reach_pill.FacebookInitProvider"
164-->[com.facebook.android:facebook-core:5.5.1] AndroidManifest.xml:41:13-72
165            android:exported="false" />
165-->[com.facebook.android:facebook-core:5.5.1] AndroidManifest.xml:42:13-37
166
167        <receiver
167-->[com.facebook.android:facebook-core:5.5.1] AndroidManifest.xml:44:9-50:20
168            android:name="com.facebook.CurrentAccessTokenExpirationBroadcastReceiver"
168-->[com.facebook.android:facebook-core:5.5.1] AndroidManifest.xml:45:13-86
169            android:exported="false" >
169-->[com.facebook.android:facebook-core:5.5.1] AndroidManifest.xml:46:13-37
170            <intent-filter>
170-->[com.facebook.android:facebook-core:5.5.1] AndroidManifest.xml:47:13-49:29
171                <action android:name="com.facebook.sdk.ACTION_CURRENT_ACCESS_TOKEN_CHANGED" />
171-->[com.facebook.android:facebook-core:5.5.1] AndroidManifest.xml:48:17-95
171-->[com.facebook.android:facebook-core:5.5.1] AndroidManifest.xml:48:25-92
172            </intent-filter>
173        </receiver>
174        <receiver
174-->[com.facebook.android:facebook-core:5.5.1] AndroidManifest.xml:51:9-58:20
175            android:name="com.facebook.CampaignTrackingReceiver"
175-->[com.facebook.android:facebook-core:5.5.1] AndroidManifest.xml:52:13-65
176            android:exported="true"
176-->[com.facebook.android:facebook-core:5.5.1] AndroidManifest.xml:53:13-36
177            android:permission="android.permission.INSTALL_PACKAGES" >
177-->[com.facebook.android:facebook-core:5.5.1] AndroidManifest.xml:54:13-69
178            <intent-filter>
178-->[com.facebook.android:facebook-core:5.5.1] AndroidManifest.xml:55:13-57:29
179                <action android:name="com.android.vending.INSTALL_REFERRER" />
179-->[com.facebook.android:facebook-core:5.5.1] AndroidManifest.xml:56:17-79
179-->[com.facebook.android:facebook-core:5.5.1] AndroidManifest.xml:56:25-76
180            </intent-filter>
181        </receiver> <!-- Needs to be explicitly declared on P+ -->
182        <uses-library
182-->[com.google.android.gms:play-services-maps:17.0.0] AndroidManifest.xml:33:9-35:40
183            android:name="org.apache.http.legacy"
183-->[com.google.android.gms:play-services-maps:17.0.0] AndroidManifest.xml:34:13-50
184            android:required="false" />
184-->[com.google.android.gms:play-services-maps:17.0.0] AndroidManifest.xml:35:13-37
185
186        <activity
186-->[com.google.android.gms:play-services-base:17.0.0] AndroidManifest.xml:23:9-26:75
187            android:name="com.google.android.gms.common.api.GoogleApiActivity"
187-->[com.google.android.gms:play-services-base:17.0.0] AndroidManifest.xml:24:13-79
188            android:exported="false"
188-->[com.google.android.gms:play-services-base:17.0.0] AndroidManifest.xml:25:13-37
189            android:theme="@android:style/Theme.Translucent.NoTitleBar" />
189-->[com.google.android.gms:play-services-base:17.0.0] AndroidManifest.xml:26:13-72
190
191        <meta-data
191-->[com.google.android.gms:play-services-basement:17.0.0] AndroidManifest.xml:23:9-25:69
192            android:name="com.google.android.gms.version"
192-->[com.google.android.gms:play-services-basement:17.0.0] AndroidManifest.xml:24:13-58
193            android:value="@integer/google_play_services_version" />
193-->[com.google.android.gms:play-services-basement:17.0.0] AndroidManifest.xml:25:13-66
194    </application>
195
196</manifest>